<?xml version="1.0" encoding="UTF-8"?>
<testsuite name="KeySearchTest" tests="1" skipped="0" failures="0" errors="0" timestamp="2015-10-22T16:56:41" hostname="dmike-HP-Pro-3500-Series" time="0.002">
  <properties/>
  <testcase name="testSearch" classname="KeySearchTest" time="0.002"/>
  <system-out><![CDATA[]]></system-out>
  <system-err><![CDATA[]]></system-err>
</testsuite>
